This is pdfTeX, Version 3.141592653-2.6-1.40.22 (TeX Live 2022/dev/Debian) (preloaded format=pdflatex 2023.8.16)  18 AUG 2023 00:17
entering extended mode
 restricted \write18 enabled.
 file:line:error style messages enabled.
 %&-line parsing enabled.
**"/home/divyanshu/Documents/GitHub/Personal/Outlook_Report/Thesis main.tex"
(/home/divyanshu/Documents/GitHub/Personal/Outlook_Report/Thesis main.tex
LaTeX2e <2021-11-15> patch level 1
L3 programming layer <2022-01-21> (/usr/share/texlive/texmf-dist/tex/latex/base/article.cls
Document Class: article 2021/10/04 v1.4n Standard LaTeX document class
(/usr/share/texlive/texmf-dist/tex/latex/base/size12.clo
File: size12.clo 2021/10/04 v1.4n Standard LaTeX file (size option)
)
\c@part=\count185
\c@section=\count186
\c@subsection=\count187
\c@subsubsection=\count188
\c@paragraph=\count189
\c@subparagraph=\count190
\c@figure=\count191
\c@table=\count192
\abovecaptionskip=\skip47
\belowcaptionskip=\skip48
\bibindent=\dimen138
) (/usr/share/texlive/texmf-dist/tex/latex/base/fontenc.sty
Package: fontenc 2021/04/29 v2.0v Standard LaTeX package
) (/usr/share/texlive/texmf-dist/tex/latex/geometry/geometry.sty
Package: geometry 2020/01/02 v5.9 Page Geometry
 (/usr/share/texlive/texmf-dist/tex/latex/graphics/keyval.sty
Package: keyval 2014/10/28 v1.15 key=value parser (DPC)
\KV@toks@=\toks16
) (/usr/share/texlive/texmf-dist/tex/generic/iftex/ifvtex.sty
Package: ifvtex 2019/10/25 v1.7 ifvtex legacy package. Use iftex instead.
 (/usr/share/texlive/texmf-dist/tex/generic/iftex/iftex.sty
Package: iftex 2020/03/06 v1.0d TeX engine tests
))
\Gm@cnth=\count193
\Gm@cntv=\count194
\c@Gm@tempcnt=\count195
\Gm@bindingoffset=\dimen139
\Gm@wd@mp=\dimen140
\Gm@odd@mp=\dimen141
\Gm@even@mp=\dimen142
\Gm@layoutwidth=\dimen143
\Gm@layoutheight=\dimen144
\Gm@layouthoffset=\dimen145
\Gm@layoutvoffset=\dimen146
\Gm@dimlist=\toks17
) (/usr/share/texlive/texmf-dist/tex/latex/graphics/graphics.sty
Package: graphics 2021/03/04 v1.4d Standard LaTeX Graphics (DPC,SPQR)
 (/usr/share/texlive/texmf-dist/tex/latex/graphics/trig.sty
Package: trig 2021/08/11 v1.11 sin cos tan (DPC)
) (/usr/share/texlive/texmf-dist/tex/latex/graphics-cfg/graphics.cfg
File: graphics.cfg 2016/06/04 v1.11 sample graphics configuration
)
Package graphics Info: Driver file: pdftex.def on input line 107.
 (/usr/share/texlive/texmf-dist/tex/latex/graphics-def/pdftex.def
File: pdftex.def 2020/10/05 v1.2a Graphics/color driver for pdftex
)) (/usr/share/texlive/texmf-dist/tex/latex/setspace/setspace.sty
Package: setspace 2011/12/19 v6.7a set line spacing
) (/usr/share/texlive/texmf-dist/tex/latex/tools/enumerate.sty
Package: enumerate 2015/07/23 v3.00 enumerate extensions (DPC)
\@enLab=\toks18
) (/usr/share/texlive/texmf-dist/tex/latex/adjustbox/adjustbox.sty
Package: adjustbox 2020/08/19 v1.3 Adjusting TeX boxes (trim, clip, ...)
 (/usr/share/texlive/texmf-dist/tex/latex/xkeyval/xkeyval.sty
Package: xkeyval 2020/11/20 v2.8 package option processing (HA)
 (/usr/share/texlive/texmf-dist/tex/generic/xkeyval/xkeyval.tex (/usr/share/texlive/texmf-dist/tex/generic/xkeyval/xkvutils.tex
\XKV@toks=\toks19
\XKV@tempa@toks=\toks20
)
\XKV@depth=\count196
File: xkeyval.tex 2014/12/03 v2.7a key=value parser (HA)
)) (/usr/share/texlive/texmf-dist/tex/latex/adjustbox/adjcalc.sty
Package: adjcalc 2012/05/16 v1.1 Provides advanced setlength with multiple back-ends (calc, etex, pgfmath)
) (/usr/share/texlive/texmf-dist/tex/latex/adjustbox/trimclip.sty
Package: trimclip 2020/08/19 v1.2 Trim and clip general TeX material
 (/usr/share/texlive/texmf-dist/tex/latex/graphics/graphicx.sty
Package: graphicx 2021/09/16 v1.2d Enhanced LaTeX Graphics (DPC,SPQR)
\Gin@req@height=\dimen147
\Gin@req@width=\dimen148
) (/usr/share/texlive/texmf-dist/tex/latex/collectbox/collectbox.sty
Package: collectbox 2012/05/17 v0.4b Collect macro arguments as boxes
\collectedbox=\box50
)
\tc@llx=\dimen149
\tc@lly=\dimen150
\tc@urx=\dimen151
\tc@ury=\dimen152
Package trimclip Info: Using driver 'tc-pdftex.def'.
 (/usr/share/texlive/texmf-dist/tex/latex/adjustbox/tc-pdftex.def
File: tc-pdftex.def 2019/01/04 v2.2 Clipping driver for pdftex
))
\adjbox@Width=\dimen153
\adjbox@Height=\dimen154
\adjbox@Depth=\dimen155
\adjbox@Totalheight=\dimen156
\adjbox@pwidth=\dimen157
\adjbox@pheight=\dimen158
\adjbox@pdepth=\dimen159
\adjbox@ptotalheight=\dimen160
 (/usr/share/texlive/texmf-dist/tex/latex/ifoddpage/ifoddpage.sty
Package: ifoddpage 2016/04/23 v1.1 Conditionals for odd/even page detection
\c@checkoddpage=\count197
) (/usr/share/texlive/texmf-dist/tex/latex/varwidth/varwidth.sty
Package: varwidth 2009/03/30 ver 0.92;  Variable-width minipages
\@vwid@box=\box51
\sift@deathcycles=\count198
\@vwid@loff=\dimen161
\@vwid@roff=\dimen162
)) (/usr/share/texlive/texmf-dist/tex/latex/tools/tabularx.sty
Package: tabularx 2020/01/15 v2.11c `tabularx' package (DPC)
 (/usr/share/texlive/texmf-dist/tex/latex/tools/array.sty
Package: array 2021/10/04 v2.5f Tabular extension package (FMi)
\col@sep=\dimen163
\ar@mcellbox=\box52
\extrarowheight=\dimen164
\NC@list=\toks21
\extratabsurround=\skip49
\backup@length=\skip50
\ar@cellbox=\box53
)
\TX@col@width=\dimen165
\TX@old@table=\dimen166
\TX@old@col=\dimen167
\TX@target=\dimen168
\TX@delta=\dimen169
\TX@cols=\count199
\TX@ftn=\toks22
) (/usr/share/texlive/texmf-dist/tex/latex/graphics/color.sty
Package: color 2021/12/07 v1.3c Standard LaTeX Color (DPC)
 (/usr/share/texlive/texmf-dist/tex/latex/graphics-cfg/color.cfg
File: color.cfg 2016/01/02 v1.6 sample color configuration
)
Package color Info: Driver file: pdftex.def on input line 149.
) (/usr/share/texlive/texmf-dist/tex/latex/booktabs/booktabs.sty
Package: booktabs 2020/01/12 v1.61803398 Publication quality tables
\heavyrulewidth=\dimen170
\lightrulewidth=\dimen171
\cmidrulewidth=\dimen172
\belowrulesep=\dimen173
\belowbottomsep=\dimen174
\aboverulesep=\dimen175
\abovetopsep=\dimen176
\cmidrulesep=\dimen177
\cmidrulekern=\dimen178
\defaultaddspace=\dimen179
\@cmidla=\count266
\@cmidlb=\count267
\@aboverulesep=\dimen180
\@belowrulesep=\dimen181
\@thisruleclass=\count268
\@lastruleclass=\count269
\@thisrulewidth=\dimen182
) (/usr/share/texlive/texmf-dist/tex/latex/multirow/multirow.sty
Package: multirow 2021/03/15 v2.8 Span multiple rows of a table
\multirow@colwidth=\skip51
\multirow@cntb=\count270
\multirow@dima=\skip52
\bigstrutjot=\dimen183
) (/usr/share/texlive/texmf-dist/tex/latex/tabularray/tabularray.sty (/usr/share/texlive/texmf-dist/tex/latex/l3kernel/expl3.sty
Package: expl3 2022-01-21 L3 programming layer (loader) 
 (/usr/share/texlive/texmf-dist/tex/latex/l3backend/l3backend-pdftex.def
File: l3backend-pdftex.def 2022-01-12 L3 backend support: PDF output (pdfTeX)
\l__color_backend_stack_int=\count271
\l__pdf_internal_box=\box54
))
Package: tabularray 2021-12-01 v2021Q Typeset tabulars and arrays with LaTeX3
 (/usr/share/texlive/texmf-dist/tex/latex/l3packages/xparse/xparse.sty
Package: xparse 2022-01-12 L3 Experimental document command parser
)
\l__tblr_a_int=\count272
\l__tblr_c_int=\count273
\l__tblr_r_int=\count274
\l__tblr_d_dim=\dimen184
\l__tblr_h_dim=\dimen185
\l__tblr_o_dim=\dimen186
\l__tblr_p_dim=\dimen187
\l__tblr_q_dim=\dimen188
\l__tblr_r_dim=\dimen189
\l__tblr_s_dim=\dimen190
\l__tblr_t_dim=\dimen191
\l__tblr_v_dim=\dimen192
\l__tblr_w_dim=\dimen193
\l__tblr_a_box=\box55
\l__tblr_b_box=\box56
\l__tblr_c_box=\box57
\l__tblr_d_box=\box58
\g__tblr_table_count_int=\count275
\c@rownum=\count276
\c@colnum=\count277
\c@rowcount=\count278
\c@colcount=\count279
\abovesep=\dimen194
\belowsep=\dimen195
\leftsep=\dimen196
\rightsep=\dimen197
\g_tblr_level_int=\count280
\g__tblr_data_row_key_count_int=\count281
\g__tblr_data_column_key_count_int=\count282
\g__tblr_data_cell_key_count_int=\count283
\g__tblr_array_int=\count284
\l__tblr_key_count_int=\count285
\l__tblr_key_quotient_int=\count286
\l__tblr_key_quotient_two_int=\count287
\l__tblr_key_remainder_int=\count288
\g__tblr_data_str_value_count_int=\count289
\rulewidth=\dimen198
\l__multicolumn_cell_number_int=\count290
\l__tblr_strut_ht_box=\box59
\l__tblr_strut_dp_box=\box60
\g__tblr_cell_wd_dim=\dimen199
\g__tblr_cell_ht_dim=\dimen256
\g__tblr_cell_head_dim=\dimen257
\g__tblr_cell_foot_dim=\dimen258
\l__column_target_dim=\dimen259
\l__tblr_caption_box=\box61
\l__tblr_caption_left_box=\box62
\l__tblr_row_head_box=\box63
\l__tblr_row_foot_box=\box64
\l__tblr_row_head_foot_dim=\dimen260
\tablewidth=\dimen261
\l__tblr_table_firsthead_box=\box65
\l__tblr_table_middlehead_box=\box66
\l__tblr_table_lasthead_box=\box67
\l__tblr_table_firstfoot_box=\box68
\l__tblr_table_middlefoot_box=\box69
\l__tblr_table_lastfoot_box=\box70
\l__tblr_remain_height_dim=\dimen262
\l__tblr_long_from_int=\count291
\l__tblr_long_to_int=\count292
\l__tblr_curr_i_int=\count293
\l__tblr_prev_i_int=\count294
\l__tblr_table_page_int=\count295
\l__tblr_table_head_box=\box71
\l__tblr_table_foot_box=\box72
\l__tblr_table_head_foot_dim=\dimen263
\l__tblr_table_head_body_foot_dim=\dimen264
\l__tblr_table_box=\box73
\l__tblr_table_hlines_box=\box74
\l__tblr_hline_box=\box75
\l__tblr_row_box=\box76
\l__tblr_col_o_wd_dim=\dimen265
\l__tblr_col_b_wd_dim=\dimen266
\l__tblr_hline_leftskip_dim=\dimen267
\l__tblr_hline_rightskip_dim=\dimen268
\l__tblr_row_ht_dim=\dimen269
\l__tblr_row_dp_dim=\dimen270
\l__tblr_row_abovesep_dim=\dimen271
\l__tblr_row_belowsep_dim=\dimen272
\l__tblr_row_vlines_box=\box77
\l__tblr_vline_box=\box78
\l__tblr_cell_box=\box79
\l__row_upper_dim=\dimen273
\l__row_lower_dim=\dimen274
\l__row_vpace_dim=\dimen275
\l__tblr_vline_aboveskip_dim=\dimen276
\l__tblr_vline_belowskip_dim=\dimen277
\l__tblr_cell_wd_dim=\dimen278
\l__tblr_cell_ht_dim=\dimen279
\l__tblr_diag_box=\box80
) (/usr/share/texlive/texmf-dist/tex/latex/tools/longtable.sty
Package: longtable 2021-09-01 v4.17 Multi-page Table package (DPC)
\LTleft=\skip53
\LTright=\skip54
\LTpre=\skip55
\LTpost=\skip56
\LTchunksize=\count296
\LTcapwidth=\dimen280
\LT@head=\box81
\LT@firsthead=\box82
\LT@foot=\box83
\LT@lastfoot=\box84
\LT@gbox=\box85
\LT@cols=\count297
\LT@rows=\count298
\c@LT@tables=\count299
\c@LT@chunks=\count300
\LT@p@ftn=\toks23
) (/usr/share/texlive/texmf-dist/tex/latex/txfonts/txfonts.sty
Package: txfonts 2008/01/22 v3.2.1
LaTeX Font Info:    Redeclaring symbol font `operators' on input line 21.
LaTeX Font Info:    Overwriting symbol font `operators' in version `normal'
(Font)                  OT1/cmr/m/n --> OT1/txr/m/n on input line 21.
LaTeX Font Info:    Overwriting symbol font `operators' in version `bold'
(Font)                  OT1/cmr/bx/n --> OT1/txr/m/n on input line 21.
LaTeX Font Info:    Overwriting symbol font `operators' in version `bold'
(Font)                  OT1/txr/m/n --> OT1/txr/bx/n on input line 22.
\symitalic=\mathgroup4
LaTeX Font Info:    Overwriting symbol font `italic' in version `bold'
(Font)                  OT1/txr/m/it --> OT1/txr/bx/it on input line 26.
LaTeX Font Info:    Redeclaring math alphabet \mathbf on input line 29.
LaTeX Font Info:    Overwriting math alphabet `\mathbf' in version `normal'
(Font)                  OT1/cmr/bx/n --> OT1/txr/bx/n on input line 29.
LaTeX Font Info:    Overwriting math alphabet `\mathbf' in version `bold'
(Font)                  OT1/cmr/bx/n --> OT1/txr/bx/n on input line 29.
LaTeX Font Info:    Redeclaring math alphabet \mathit on input line 30.
LaTeX Font Info:    Overwriting math alphabet `\mathit' in version `normal'
(Font)                  OT1/cmr/m/it --> OT1/txr/m/it on input line 30.
LaTeX Font Info:    Overwriting math alphabet `\mathit' in version `bold'
(Font)                  OT1/cmr/bx/it --> OT1/txr/m/it on input line 30.
LaTeX Font Info:    Overwriting math alphabet `\mathit' in version `bold'
(Font)                  OT1/txr/m/it --> OT1/txr/bx/it on input line 31.
LaTeX Font Info:    Redeclaring math alphabet \mathsf on input line 40.
LaTeX Font Info:    Overwriting math alphabet `\mathsf' in version `normal'
(Font)                  OT1/cmss/m/n --> OT1/txss/m/n on input line 40.
LaTeX Font Info:    Overwriting math alphabet `\mathsf' in version `bold'
(Font)                  OT1/cmss/bx/n --> OT1/txss/m/n on input line 40.
LaTeX Font Info:    Overwriting math alphabet `\mathsf' in version `bold'
(Font)                  OT1/txss/m/n --> OT1/txss/b/n on input line 41.
LaTeX Font Info:    Redeclaring math alphabet \mathtt on input line 50.
LaTeX Font Info:    Overwriting math alphabet `\mathtt' in version `normal'
(Font)                  OT1/cmtt/m/n --> OT1/txtt/m/n on input line 50.
LaTeX Font Info:    Overwriting math alphabet `\mathtt' in version `bold'
(Font)                  OT1/cmtt/m/n --> OT1/txtt/m/n on input line 50.
LaTeX Font Info:    Overwriting math alphabet `\mathtt' in version `bold'
(Font)                  OT1/txtt/m/n --> OT1/txtt/b/n on input line 51.
LaTeX Font Info:    Redeclaring symbol font `letters' on input line 58.
LaTeX Font Info:    Overwriting symbol font `letters' in version `normal'
(Font)                  OML/cmm/m/it --> OML/txmi/m/it on input line 58.
LaTeX Font Info:    Overwriting symbol font `letters' in version `bold'
(Font)                  OML/cmm/b/it --> OML/txmi/m/it on input line 58.
LaTeX Font Info:    Overwriting symbol font `letters' in version `bold'
(Font)                  OML/txmi/m/it --> OML/txmi/bx/it on input line 59.
\symlettersA=\mathgroup5
LaTeX Font Info:    Overwriting symbol font `lettersA' in version `bold'
(Font)                  U/txmia/m/it --> U/txmia/bx/it on input line 67.
LaTeX Font Info:    Redeclaring symbol font `symbols' on input line 77.
LaTeX Font Info:    Overwriting symbol font `symbols' in version `normal'
(Font)                  OMS/cmsy/m/n --> OMS/txsy/m/n on input line 77.
LaTeX Font Info:    Overwriting symbol font `symbols' in version `bold'
(Font)                  OMS/cmsy/b/n --> OMS/txsy/m/n on input line 77.
LaTeX Font Info:    Overwriting symbol font `symbols' in version `bold'
(Font)                  OMS/txsy/m/n --> OMS/txsy/bx/n on input line 78.
\symAMSa=\mathgroup6
LaTeX Font Info:    Overwriting symbol font `AMSa' in version `bold'
(Font)                  U/txsya/m/n --> U/txsya/bx/n on input line 94.
\symAMSb=\mathgroup7
LaTeX Font Info:    Overwriting symbol font `AMSb' in version `bold'
(Font)                  U/txsyb/m/n --> U/txsyb/bx/n on input line 103.
\symsymbolsC=\mathgroup8
LaTeX Font Info:    Overwriting symbol font `symbolsC' in version `bold'
(Font)                  U/txsyc/m/n --> U/txsyc/bx/n on input line 113.
LaTeX Font Info:    Redeclaring symbol font `largesymbols' on input line 120.
LaTeX Font Info:    Overwriting symbol font `largesymbols' in version `normal'
(Font)                  OMX/cmex/m/n --> OMX/txex/m/n on input line 120.
LaTeX Font Info:    Overwriting symbol font `largesymbols' in version `bold'
(Font)                  OMX/cmex/m/n --> OMX/txex/m/n on input line 120.
LaTeX Font Info:    Overwriting symbol font `largesymbols' in version `bold'
(Font)                  OMX/txex/m/n --> OMX/txex/bx/n on input line 121.
\symlargesymbolsA=\mathgroup9
LaTeX Font Info:    Overwriting symbol font `largesymbolsA' in version `bold'
(Font)                  U/txexa/m/n --> U/txexa/bx/n on input line 129.
LaTeX Font Info:    Redeclaring math symbol \mathsterling on input line 164.
LaTeX Font Info:    Redeclaring math symbol \hbar on input line 591.
LaTeX Info: Redefining \not on input line 1043.
) (/usr/share/texlive/texmf-dist/tex/latex/pdflscape/pdflscape.sty
Package: pdflscape 2019/12/05 v0.12 Display of landscape pages in PDF (HO)
 (/usr/share/texlive/texmf-dist/tex/latex/graphics/lscape.sty
Package: lscape 2020/05/28 v3.02 Landscape Pages (DPC)
)
Package pdflscape Info: Auto-detected driver: pdftex on input line 81.
) (/usr/share/texlive/texmf-dist/tex/latex/vcell/vcell.sty
Package: vcell 2021/04/30 v1.0.2
\rowheight=\dimen281
\rowht=\dimen282
\rowdp=\dimen283
\@cellcount=\count301
\@cellusecount=\count302
\@celltemp=\box86
) (/usr/share/texlive/texmf-dist/tex/latex/natbib/natbib.sty
Package: natbib 2010/09/13 8.31b (PWD, AO)
\bibhang=\skip57
\bibsep=\skip58
LaTeX Info: Redefining \cite on input line 694.
\c@NAT@ctr=\count303
)
\c@definition=\count304
LaTeX Font Info:    Trying to load font information for T1+txr on input line 40.
 (/usr/share/texlive/texmf-dist/tex/latex/txfonts/t1txr.fd
File: t1txr.fd 2000/12/15 v3.1
) (./Thesis main.aux)
\openout1 = `"Thesis main.aux"'.

LaTeX Font Info:    Checking defaults for OML/txmi/m/it on input line 40.
LaTeX Font Info:    Trying to load font information for OML+txmi on input line 40.
 (/usr/share/texlive/texmf-dist/tex/latex/txfonts/omltxmi.fd
File: omltxmi.fd 2000/12/15 v3.1
)
LaTeX Font Info:    ... okay on input line 40.
LaTeX Font Info:    Checking defaults for OMS/txsy/m/n on input line 40.
LaTeX Font Info:    Trying to load font information for OMS+txsy on input line 40.
 (/usr/share/texlive/texmf-dist/tex/latex/txfonts/omstxsy.fd
File: omstxsy.fd 2000/12/15 v3.1
)
LaTeX Font Info:    ... okay on input line 40.
LaTeX Font Info:    Checking defaults for OT1/cmr/m/n on input line 40.
LaTeX Font Info:    ... okay on input line 40.
LaTeX Font Info:    Checking defaults for T1/cmr/m/n on input line 40.
LaTeX Font Info:    ... okay on input line 40.
LaTeX Font Info:    Checking defaults for TS1/cmr/m/n on input line 40.
LaTeX Font Info:    ... okay on input line 40.
LaTeX Font Info:    Checking defaults for OMX/txex/m/n on input line 40.
LaTeX Font Info:    Trying to load font information for OMX+txex on input line 40.
 (/usr/share/texlive/texmf-dist/tex/latex/txfonts/omxtxex.fd
File: omxtxex.fd 2000/12/15 v3.1
)
LaTeX Font Info:    ... okay on input line 40.
LaTeX Font Info:    Checking defaults for U/txexa/m/n on input line 40.
LaTeX Font Info:    Trying to load font information for U+txexa on input line 40.
 (/usr/share/texlive/texmf-dist/tex/latex/txfonts/utxexa.fd
File: utxexa.fd 2000/12/15 v3.1
)
LaTeX Font Info:    ... okay on input line 40.

*geometry* driver: auto-detecting
*geometry* detected driver: pdftex
*geometry* verbose mode - [ preamble ] result:
* driver: pdftex
* paper: a4paper
* layout: <same size as paper>
* layoutoffset:(h,v)=(0.0pt,0.0pt)
* modes: 
* h-part:(L,W,R)=(71.13188pt, 455.24411pt, 71.13188pt)
* v-part:(T,H,B)=(99.58464pt, 645.87756pt, 99.58464pt)
* \paperwidth=597.50787pt
* \paperheight=845.04684pt
* \textwidth=455.24411pt
* \textheight=645.87756pt
* \oddsidemargin=-1.1381pt
* \evensidemargin=-1.1381pt
* \topmargin=-9.68535pt
* \headheight=12.0pt
* \headsep=25.0pt
* \topskip=12.0pt
* \footskip=30.0pt
* \marginparwidth=44.0pt
* \marginparsep=10.0pt
* \columnsep=10.0pt
* \skip\footins=10.8pt plus 4.0pt minus 2.0pt
* \hoffset=0.0pt
* \voffset=0.0pt
* \mag=1000
* \@twocolumnfalse
* \@twosidefalse
* \@mparswitchfalse
* \@reversemarginfalse
* (1in=72.27pt=25.4mm, 1cm=28.453pt)

(/usr/share/texlive/texmf-dist/tex/context/base/mkii/supp-pdf.mkii
[Loading MPS to PDF converter (version 2006.09.02).]
\scratchcounter=\count305
\scratchdimen=\dimen284
\scratchbox=\box87
\nofMPsegments=\count306
\nofMParguments=\count307
\everyMPshowfont=\toks24
\MPscratchCnt=\count308
\MPscratchDim=\dimen285
\MPnumerator=\count309
\makeMPintoPDFobject=\count310
\everyMPtoPDFconversion=\toks25
) (/usr/share/texlive/texmf-dist/tex/latex/epstopdf-pkg/epstopdf-base.sty
Package: epstopdf-base 2020-01-24 v2.11 Base part for package epstopdf
 (/usr/share/texlive/texmf-dist/tex/generic/infwarerr/infwarerr.sty
Package: infwarerr 2019/12/03 v1.5 Providing info/warning/error messages (HO)
) (/usr/share/texlive/texmf-dist/tex/latex/grfext/grfext.sty
Package: grfext 2019/12/03 v1.3 Manage graphics extensions (HO)
 (/usr/share/texlive/texmf-dist/tex/generic/kvdefinekeys/kvdefinekeys.sty
Package: kvdefinekeys 2019-12-19 v1.6 Define keys (HO)
)) (/usr/share/texlive/texmf-dist/tex/latex/kvoptions/kvoptions.sty
Package: kvoptions 2020-10-07 v3.14 Key value format for package options (HO)
 (/usr/share/texlive/texmf-dist/tex/generic/ltxcmds/ltxcmds.sty
Package: ltxcmds 2020-05-10 v1.25 LaTeX kernel commands for general use (HO)
) (/usr/share/texlive/texmf-dist/tex/generic/kvsetkeys/kvsetkeys.sty
Package: kvsetkeys 2019/12/15 v1.18 Key value parser (HO)
)) (/usr/share/texlive/texmf-dist/tex/generic/pdftexcmds/pdftexcmds.sty
Package: pdftexcmds 2020-06-27 v0.33 Utility functions of pdfTeX for LuaTeX (HO)
Package pdftexcmds Info: \pdf@primitive is available.
Package pdftexcmds Info: \pdf@ifprimitive is available.
Package pdftexcmds Info: \pdfdraftmode found.
)
Package epstopdf-base Info: Redefining graphics rule for `.eps' on input line 485.
Package grfext Info: Graphics extension search list:
(grfext)             [.pdf,.png,.jpg,.mps,.jpeg,.jbig2,.jb2,.PDF,.PNG,.JPG,.JPEG,.JBIG2,.JB2,.eps]
(grfext)             \AppendGraphicsExtensions on input line 504.
 (/usr/share/texlive/texmf-dist/tex/latex/latexconfig/epstopdf-sys.cfg
File: epstopdf-sys.cfg 2010/07/13 v1.3 Configuration of (r)epstopdf for TeX Live
)) (./titlepage.tex
LaTeX Font Info:    Font shape `T1/txr/b/n' in size <20.74> not available
(Font)              Font shape `T1/txr/bx/n' tried instead on input line 7.
LaTeX Font Info:    Font shape `T1/txr/b/n' in size <14.4> not available
(Font)              Font shape `T1/txr/bx/n' tried instead on input line 16.
<./iiitm.png, id=1, 336.50719pt x 469.00218pt>
File: ./iiitm.png Graphic file (type png)
<use ./iiitm.png>
Package pdftex.def Info: ./iiitm.png  used on input line 26.
(pdftex.def)             Requested size: 86.72377pt x 120.87138pt.
LaTeX Font Info:    Font shape `T1/txr/b/n' in size <17.28> not available
(Font)              Font shape `T1/txr/bx/n' tried instead on input line 30.
 [1

{/var/lib/texmf/fonts/map/pdftex/updmap/pdftex.map} <./iiitm.png>])
\c@Pageno=\count311
 (./Declaration.tex
LaTeX Font Info:    Font shape `T1/txr/b/n' in size <12> not available
(Font)              Font shape `T1/txr/bx/n' tried instead on input line 5.

Underfull \hbox (badness 10000) in paragraph at lines 5--22

 []

<Certificate.jpg, id=12, 614.295pt x 794.97pt>
File: Certificate.jpg Graphic file (type jpg)
<use Certificate.jpg>
Package pdftex.def Info: Certificate.jpg  used on input line 24.
(pdftex.def)             Requested size: 455.24411pt x 589.14197pt.
) (./abs.tex [1] [2 <./Certificate.jpg>]) (./ack.tex [3] [4]) (./Thesis main.toc
LaTeX Font Info:    Trying to load font information for OT1+txr on input line 2.
 (/usr/share/texlive/texmf-dist/tex/latex/txfonts/ot1txr.fd
File: ot1txr.fd 2000/12/15 v3.1
)
LaTeX Font Info:    Trying to load font information for U+txmia on input line 2.
 (/usr/share/texlive/texmf-dist/tex/latex/txfonts/utxmia.fd
File: utxmia.fd 2000/12/15 v3.1
)
LaTeX Font Info:    Trying to load font information for U+txsya on input line 2.
 (/usr/share/texlive/texmf-dist/tex/latex/txfonts/utxsya.fd
File: utxsya.fd 2000/12/15 v3.1
)
LaTeX Font Info:    Trying to load font information for U+txsyb on input line 2.
 (/usr/share/texlive/texmf-dist/tex/latex/txfonts/utxsyb.fd
File: utxsyb.fd 2000/12/15 v3.1
)
LaTeX Font Info:    Trying to load font information for U+txsyc on input line 2.
 (/usr/share/texlive/texmf-dist/tex/latex/txfonts/utxsyc.fd
File: utxsyc.fd 2000/12/15 v3.1
) [5])
\tf@toc=\write3
\openout3 = `"Thesis main.toc"'.

 (./ch1.tex [6] [7]
Overfull \hbox (5.7826pt too wide) in paragraph at lines 31--33
[]\T1/txr/bx/n/12 Telecommunications \T1/txr/m/n/12 The Ra-jan Ra-heja Group has played a piv-otal role in In-dia's telecom-
 []


Overfull \hbox (4.41591pt too wide) in paragraph at lines 46--47
\T1/txr/m/n/12 The Out-look Group is a promi-nent and di-ver-si-fied me-dia con-glom-er-ate based in In-dia. Renowned
 []

[8]
Overfull \hbox (0.46655pt too wide) in paragraph at lines 59--61
[]\T1/txr/bx/n/12 Events and Con-fer-ences \T1/txr/m/n/12 Be-yond pub-lish-ing, the Out-look Group or-ga-nizes var-i-ous events
 []

[9] (/usr/share/texlive/texmf-dist/tex/latex/txfonts/ts1txr.fd)
Underfull \hbox (badness 10000) in paragraph at lines 130--130
[]\T1/txr/m/n/12 Well-coordinated and ex-pe-ri-enced
 []


Underfull \hbox (badness 1383) in paragraph at lines 130--130
[]\T1/txr/m/n/12 Innovative and client-oriented prod-
 []


Underfull \hbox (badness 6204) in paragraph at lines 130--130
[]\T1/txr/m/n/12 Public in-ter-est mag-a-zine (Out-look
 []


Underfull \hbox (badness 1521) in paragraph at lines 130--130
[]\T1/txr/m/n/12 Opportunity for in-ter-na-tional mag-a-
 []

) (./ch2.tex [10] [11] [12] [13] [14] [15] [16] [17]
*geometry* verbose mode - [ newgeometry ] result:
* driver: pdftex
* paper: a4paper
* layout: <same size as paper>
* layoutoffset:(h,v)=(0.0pt,0.0pt)
* modes: 
* h-part:(L,W,R)=(71.13188pt, 497.92325pt, 28.45274pt)
* v-part:(T,H,B)=(28.45274pt, 788.14136pt, 28.45274pt)
* \paperwidth=597.50787pt
* \paperheight=845.04684pt
* \textwidth=497.92325pt
* \textheight=788.14136pt
* \oddsidemargin=-1.1381pt
* \evensidemargin=-1.1381pt
* \topmargin=-80.81725pt
* \headheight=12.0pt
* \headsep=25.0pt
* \topskip=12.0pt
* \footskip=30.0pt
* \marginparwidth=44.0pt
* \marginparsep=10.0pt
* \columnsep=10.0pt
* \skip\footins=10.8pt plus 4.0pt minus 2.0pt
* \hoffset=0.0pt
* \voffset=0.0pt
* \mag=1000
* \@twocolumnfalse
* \@twosidefalse
* \@mparswitchfalse
* \@reversemarginfalse
* (1in=72.27pt=25.4mm, 1cm=28.453pt)

LaTeX Font Info:    Font shape `T1/txr/b/n' in size <10.95> not available
(Font)              Font shape `T1/txr/bx/n' tried instead on input line 150.
\@cellbox1=\box88
\@cellbox2=\box89
\@cellbox3=\box90
\@cellbox4=\box91
\@cellbox5=\box92

Overfull \hbox (11.16881pt too wide) in alignment at lines 148--151
 [] [] [] [] [] 
 []


Underfull \hbox (badness 10000) in paragraph at lines 153--153
[]\T1/txr/m/n/10.95 Growth
 []


Underfull \hbox (badness 10000) in paragraph at lines 153--153
\T1/txr/m/n/10.95 of Dig-i-tal
 []


Underfull \hbox (badness 10000) in paragraph at lines 153--153
\T1/txr/m/n/10.95 Pay-ment
 []


Underfull \hbox (badness 10000) in paragraph at lines 153--153
\T1/txr/m/n/10.95 Sys-tem in
 []

\@cellbox1=\box93

Underfull \hbox (badness 10000) in paragraph at lines 153--153
[]\T1/txr/m/n/10.95 (Bhide,
 []

\@cellbox2=\box94
\@cellbox3=\box95
\@cellbox4=\box96
\@cellbox5=\box97

Underfull \hbox (badness 10000) in paragraph at lines 156--156
[]\T1/txr/m/n/10.95 A Study
 []


Underfull \hbox (badness 5548) in paragraph at lines 156--156
\T1/txr/m/n/10.95 on Fin-tech
 []


Underfull \hbox (badness 10000) in paragraph at lines 156--156
\T1/txr/m/n/10.95 Start-Ups
 []


Underfull \hbox (badness 10000) in paragraph at lines 156--156
\T1/txr/m/n/10.95 in In-dia
 []


Underfull \hbox (badness 10000) in paragraph at lines 156--156
\T1/txr/m/n/10.95 Spe-cial
 []


Underfull \hbox (badness 10000) in paragraph at lines 156--156
\T1/txr/m/n/10.95 Refer-nce
 []


Underfull \hbox (badness 10000) in paragraph at lines 156--156
\T1/txr/m/n/10.95 to Pay-
 []


Underfull \hbox (badness 10000) in paragraph at lines 156--156
\T1/txr/m/n/10.95 ments and
 []

\@cellbox1=\box98

Underfull \hbox (badness 10000) in paragraph at lines 156--156
\T1/txr/m/n/10.95 Sar-vani,
 []

\@cellbox2=\box99
\@cellbox3=\box100
\@cellbox4=\box101

Underfull \hbox (badness 1694) in paragraph at lines 156--156
\T1/txr/m/n/10.95 reg-u-la-tors in In-dia con-tinue to sup-port the
 []

\@cellbox5=\box102

Underfull \hbox (badness 10000) in paragraph at lines 159--159
[]\T1/txr/m/n/10.95 E-Payment
 []


Underfull \hbox (badness 10000) in paragraph at lines 159--159
\T1/txr/m/n/10.95 Meth-ods,
 []


Underfull \hbox (badness 10000) in paragraph at lines 159--159
\T1/txr/m/n/10.95 Is-sues and
 []

\@cellbox1=\box103

Underfull \hbox (badness 10000) in paragraph at lines 159--159
[]\T1/txr/m/n/10.95 (Patel,
 []

\@cellbox2=\box104

Underfull \hbox (badness 1028) in paragraph at lines 159--159
[]\T1/txr/m/n/10.95 The pa-per pro-vides a com-pre-hen-sive re-view
 []

\@cellbox3=\box105
\@cellbox4=\box106
\@cellbox5=\box107

Underfull \hbox (badness 10000) in paragraph at lines 162--162
[]\T1/txr/m/n/10.95 Strategic
 []


Underfull \hbox (badness 10000) in paragraph at lines 162--162
\T1/txr/m/n/10.95 As-set Al-
 []


Underfull \hbox (badness 10000) in paragraph at lines 162--162
\T1/txr/m/n/10.95 lo-ca-tion:
 []


Underfull \hbox (badness 10000) in paragraph at lines 162--162
\T1/txr/m/n/10.95 De-ter-min-
 []


Underfull \hbox (badness 10000) in paragraph at lines 162--162
\T1/txr/m/n/10.95 ing the
 []


Underfull \hbox (badness 10000) in paragraph at lines 162--162
\T1/txr/m/n/10.95 Op-ti-mal
 []


Underfull \hbox (badness 10000) in paragraph at lines 162--162
\T1/txr/m/n/10.95 Port-fo-
 []


Underfull \hbox (badness 10000) in paragraph at lines 162--162
\T1/txr/m/n/10.95 lio with
 []


Underfull \hbox (badness 10000) in paragraph at lines 162--162
\T1/txr/m/n/10.95 Ten As-set
 []

\@cellbox1=\box108

Underfull \hbox (badness 10000) in paragraph at lines 162--162
[]\T1/txr/m/n/10.95 (Bekkers
 []


Underfull \hbox (badness 10000) in paragraph at lines 162--162
\T1/txr/m/n/10.95 et al.,
 []

\@cellbox2=\box109
\@cellbox3=\box110
\@cellbox4=\box111
\@cellbox5=\box112

Underfull \hbox (badness 10000) in paragraph at lines 165--165
[]\T1/txr/m/n/10.95 Financial
 []


Underfull \hbox (badness 10000) in paragraph at lines 165--165
\T1/txr/m/n/10.95 Lit-er-acy
 []


Underfull \hbox (badness 10000) in paragraph at lines 165--165
\T1/txr/m/n/10.95 and In-
 []


Underfull \hbox (badness 10000) in paragraph at lines 165--165
\T1/txr/m/n/10.95 vest-ment
 []


Underfull \hbox (badness 10000) in paragraph at lines 165--165
\T1/txr/m/n/10.95 Be-haviour
 []


Underfull \hbox (badness 2065) in paragraph at lines 165--165
\T1/txr/m/n/10.95 of IT Pro-
 []


Underfull \hbox (badness 10000) in paragraph at lines 165--165
\T1/txr/m/n/10.95 fes-sion-als
 []

\@cellbox1=\box113

Underfull \hbox (badness 10000) in paragraph at lines 165--165
[]\T1/txr/m/n/10.95 (Shaik
 []


Underfull \hbox (badness 10000) in paragraph at lines 165--165
\T1/txr/m/n/10.95 et al.,
 []

\@cellbox2=\box114
\@cellbox3=\box115
\@cellbox4=\box116
\@cellbox5=\box117

Overfull \hbox (11.23987pt too wide) in paragraph at lines 168--168
[]\T1/txr/m/n/10.95 Multiobjective
 []


Underfull \hbox (badness 10000) in paragraph at lines 168--168
\T1/txr/m/n/10.95 Fi-nan-cial
 []


Underfull \hbox (badness 10000) in paragraph at lines 168--168
\T1/txr/m/n/10.95 Port-fo-lio
 []


Underfull \hbox (badness 10000) in paragraph at lines 168--168
\T1/txr/m/n/10.95 De-sign:
 []


Underfull \hbox (badness 10000) in paragraph at lines 168--168
\T1/txr/m/n/10.95 A Hy-brid
 []


Underfull \hbox (badness 10000) in paragraph at lines 168--168
\T1/txr/m/n/10.95 Evo-lu-
 []


Underfull \hbox (badness 10000) in paragraph at lines 168--168
\T1/txr/m/n/10.95 tion-ary
 []

\@cellbox1=\box118

Underfull \hbox (badness 10000) in paragraph at lines 168--168
[]\T1/txr/m/n/10.95 (Subbu
 []


Underfull \hbox (badness 10000) in paragraph at lines 168--168
\T1/txr/m/n/10.95 et al.,
 []

\@cellbox2=\box119

Underfull \hbox (badness 2809) in paragraph at lines 168--168
\T1/txr/m/n/10.95 di-ver-si-fi-ca-tion re-quire-ments, and trans-ac-tion
 []

\@cellbox3=\box120

Underfull \hbox (badness 1360) in paragraph at lines 168--168
\T1/txr/m/n/10.95 im-ple-mented at Gen-eral Elec-tric As-set Man-
 []

\@cellbox4=\box121
\@cellbox5=\box122

Underfull \hbox (badness 10000) in paragraph at lines 171--171
\T1/txr/m/n/10.95 Ap-proach
 []


Underfull \hbox (badness 10000) in paragraph at lines 171--171
\T1/txr/m/n/10.95 ing In-dian
 []


Underfull \hbox (badness 10000) in paragraph at lines 171--171
\T1/txr/m/n/10.95 Stock
 []


Underfull \hbox (badness 10000) in paragraph at lines 171--171
\T1/txr/m/n/10.95 Mar-ket
 []


Underfull \hbox (badness 10000) in paragraph at lines 171--171
\T1/txr/m/n/10.95 Prices and
 []


Underfull \hbox (badness 10000) in paragraph at lines 171--171
\T1/txr/m/n/10.95 their Per-
 []


Underfull \hbox (badness 10000) in paragraph at lines 171--171
\T1/txr/m/n/10.95 for-mance
 []

\@cellbox1=\box123

Overfull \hbox (11.77373pt too wide) in paragraph at lines 171--171
[]\T1/txr/m/n/10.95 (Sureshkumar
 []


Underfull \hbox (badness 10000) in paragraph at lines 171--171
\T1/txr/m/n/10.95 and
 []


Underfull \hbox (badness 10000) in paragraph at lines 171--171
\T1/txr/m/n/10.95 Elango,
 []

\@cellbox2=\box124
\@cellbox3=\box125
\@cellbox4=\box126
\@cellbox5=\box127

Underfull \hbox (badness 8075) in paragraph at lines 174--174
[]\T1/txr/m/n/10.95 Stock Per-
 []


Underfull \hbox (badness 10000) in paragraph at lines 174--174
\T1/txr/m/n/10.95 for-mance
 []


Underfull \hbox (badness 10000) in paragraph at lines 174--174
\T1/txr/m/n/10.95 Eval-u-a-tion:
 []


Underfull \hbox (badness 10000) in paragraph at lines 174--174
\T1/txr/m/n/10.95 A Study
 []


Underfull \hbox (badness 10000) in paragraph at lines 174--174
\T1/txr/m/n/10.95 of In-dian
 []


Underfull \hbox (badness 10000) in paragraph at lines 174--174
\T1/txr/m/n/10.95 Stock
 []

\@cellbox1=\box128
\@cellbox2=\box129
\@cellbox3=\box130
\@cellbox4=\box131
\@cellbox5=\box132

Overfull \hbox (3.13698pt too wide) in paragraph at lines 177--177
[]\T1/txr/m/n/10.95 Performance
 []


Underfull \hbox (badness 10000) in paragraph at lines 177--177
\T1/txr/m/n/10.95 Eval-u-a-tion
 []


Underfull \hbox (badness 1286) in paragraph at lines 177--177
\T1/txr/m/n/10.95 of Se-lected
 []


Underfull \hbox (badness 7308) in paragraph at lines 177--177
\T1/txr/m/n/10.95 tual Funds
 []

\@cellbox1=\box133

Underfull \hbox (badness 10000) in paragraph at lines 177--177
[]\T1/txr/m/n/10.95 (Tripathi
 []


Underfull \hbox (badness 1496) in paragraph at lines 177--177
\T1/txr/m/n/10.95 and Japee,
 []

\@cellbox2=\box134
\@cellbox3=\box135
\@cellbox4=\box136
\@cellbox5=\box137

Overfull \hbox (3.13698pt too wide) in paragraph at lines 180--180
[]\T1/txr/m/n/10.95 Performance
 []


Underfull \hbox (badness 10000) in paragraph at lines 180--180
\T1/txr/m/n/10.95 Eval-u-a-tion
 []


Underfull \hbox (badness 10000) in paragraph at lines 180--180
\T1/txr/m/n/10.95 of Mu-tual
 []


Underfull \hbox (badness 4492) in paragraph at lines 180--180
\T1/txr/m/n/10.95 Funds: A
 []


Underfull \hbox (badness 10000) in paragraph at lines 180--180
\T1/txr/m/n/10.95 Study of
 []


Underfull \hbox (badness 10000) in paragraph at lines 180--180
\T1/txr/m/n/10.95 Se-lected
 []


Underfull \hbox (badness 10000) in paragraph at lines 180--180
\T1/txr/m/n/10.95 Di-ver-si-fied
 []


Underfull \hbox (badness 7308) in paragraph at lines 180--180
\T1/txr/m/n/10.95 tual Funds
 []

\@cellbox1=\box138

Overfull \hbox (2.65239pt too wide) in paragraph at lines 180--180
[]\T1/txr/m/n/10.95 (Choudhary
 []


Underfull \hbox (badness 10000) in paragraph at lines 180--180
\T1/txr/m/n/10.95 and
 []


Underfull \hbox (badness 10000) in paragraph at lines 180--180
\T1/txr/m/n/10.95 Chawla,
 []

\@cellbox2=\box139
\@cellbox3=\box140
\@cellbox4=\box141
\@cellbox5=\box142

Overfull \hbox (11.16881pt too wide) in alignment at lines 151--183
 [] [] [] [] [] 
 []

[18


] [19] [20] [21] [22]) (./ch3.tex [23


] [24]
Overfull \hbox (1.41457pt too wide) in paragraph at lines 99--100
[]\T1/txr/bx/n/12 Content Qual-ity En-hance-ment: \T1/txr/m/n/12 In-vest in high-quality, ex-clu-sive con-tent that sub-scribers
 []

[25] [26] [27]
Overfull \hbox (10.3426pt too wide) in paragraph at lines 197--198
[]\T1/txr/bx/n/12 Questionnaire: \T1/txr/m/n/12 The struc-tured ques-tion-naire will in-clude de-mo-graphic ques-tions, multiple-
 []

[28] [29] [30]
Overfull \hbox (12.91058pt too wide) in paragraph at lines 302--303
[]\T1/txr/bx/n/12 Exploratory Data Anal-y-sis Tools: \T1/txr/m/n/12 Use data vi-su-al-iza-tion li-braries like Mat-plotlib, Seaborn,
 []

[31]
Overfull \hbox (12.0826pt too wide) in paragraph at lines 304--305
[]\T1/txr/bx/n/12 Forecasting Model Li-braries: \T1/txr/m/n/12 De-pend-ing on the cho-sen model, use li-braries like Statsmod-
 []

) (./ch4.tex [32] [33] [34] [35] [36] [37]
Overfull \hbox (1.95628pt too wide) in paragraph at lines 171--172
[]\T1/txr/m/n/12 Income and Di-ver-si-fi-ca-tion Port-fo-lio: Bal-anc-ing in-come, di-ver-si-fi-ca-tion, and growth. 
 []

[38] [39] [40] [41] [42]) (./Thesis main.bbl [43]) [44] (./Thesis main.aux) ) 
Here is how much of TeX's memory you used:
 7897 strings out of 480247
 142789 string characters out of 5896151
 554403 words of memory out of 5000000
 25654 multiletter control sequences out of 15000+600000
 517864 words of font info for 104 fonts, out of 8000000 for 9000
 14 hyphenation exceptions out of 8191
 60i,9n,67p,2204b,320s stack positions out of 5000i,500n,10000p,200000b,80000s
{/usr/share/texlive/texmf-dist/fonts/enc/dvips/base/8r.enc}</usr/share/texlive/texmf-dist/fonts/type1/public/txfonts/rtcxr.pfb></usr/share/texlive/texmf-dist/fonts/type1/public/txfonts/rtxb.pfb></usr/share/texlive/texmf-dist/fonts/type1/public/txfonts/rtxi.pfb></usr/share/texlive/texmf-dist/fonts/type1/public/txfonts/rtxr.pfb></usr/share/texlive/texmf-dist/fonts/type1/urw/times/utmb8a.pfb></usr/share/texlive/texmf-dist/fonts/type1/urw/times/utmr8a.pfb></usr/share/texlive/texmf-dist/fonts/type1/urw/times/utmri8a.pfb>
Output written on "Thesis main.pdf" (45 pages, 1244328 bytes).
PDF statistics:
 191 PDF objects out of 1000 (max. 8388607)
 125 compressed objects within 2 object streams
 0 named destinations out of 1000 (max. 500000)
 11 words of extra memory for PDF output out of 10000 (max. 10000000)

